<?xml version="1.0" encoding="UTF-8"?>
<!-- Generated by org.testng.reporters.JUnitReportReporter -->
<testsuite skipped="0" hostname="Samsul_Alam" name="com.inetbanking.testCases.TC_addNewCustomer_004" tests="1" failures="0" timestamp="10 Jun 2021 07:58:00 GMT" time="22.049" errors="0">
  <testcase name="addNewCustTest" time="22.049" classname="com.inetbanking.testCases.TC_addNewCustomer_004"/>
</testsuite> <!-- com.inetbanking.testCases.TC_addNewCustomer_004 -->
