<?xml version="1.0" encoding="UTF-8"?>
<!-- Generated by org.testng.reporters.JUnitReportReporter -->
<testsuite skipped="0" hostname="Samsul_Alam" name="com.inetbanking.testCases.TC_loginDDT_003" tests="4" failures="0" timestamp="11 Jun 2021 15:41:34 GMT" time="111.673" errors="0">
  <testcase name="loginDDT3" time="16.187" classname="com.inetbanking.testCases.TC_loginDDT_003"/>
  <testcase name="loginDDT3" time="46.281" classname="com.inetbanking.testCases.TC_loginDDT_003"/>
  <testcase name="loginDDT3" time="22.851" classname="com.inetbanking.testCases.TC_loginDDT_003"/>
  <testcase name="loginDDT3" time="26.354" classname="com.inetbanking.testCases.TC_loginDDT_003"/>
</testsuite> <!-- com.inetbanking.testCases.TC_loginDDT_003 -->
