<?xml version="1.0" encoding="UTF-8"?>
<!-- Generated by org.testng.reporters.JUnitReportReporter -->
<testsuite skipped="0" hostname="Samsul_Alam" name="com.inetbanking.testCases.TC_LoginTest_001" tests="1" failures="0" timestamp="12 Jun 2021 08:13:58 GMT" time="9.567" errors="0">
  <testcase name="logintest" time="9.567" classname="com.inetbanking.testCases.TC_LoginTest_001"/>
</testsuite> <!-- com.inetbanking.testCases.TC_LoginTest_001 -->
