<?xml version="1.0" encoding="UTF-8"?>
<!-- Generated by org.testng.reporters.JUnitReportReporter -->
<testsuite skipped="0" hostname="Samsul_Alam" name="com.inetbanking.testCases.TC_loginDDT_003" tests="4" failures="0" timestamp="12 Jun 2021 08:13:58 GMT" time="49.888" errors="0">
  <testcase name="loginDDT3" time="12.285" classname="com.inetbanking.testCases.TC_loginDDT_003"/>
  <testcase name="loginDDT3" time="8.551" classname="com.inetbanking.testCases.TC_loginDDT_003"/>
  <testcase name="loginDDT3" time="15.673" classname="com.inetbanking.testCases.TC_loginDDT_003"/>
  <testcase name="loginDDT3" time="13.379" classname="com.inetbanking.testCases.TC_loginDDT_003"/>
</testsuite> <!-- com.inetbanking.testCases.TC_loginDDT_003 -->
