<?xml version="1.0" encoding="UTF-8"?>
<!-- Generated by org.testng.reporters.JUnitReportReporter -->
<testsuite skipped="0" hostname="Samsul_Alam" name="com.inetbanking.testCases.TC_loginDDT_002" tests="4" failures="0" timestamp="12 Jun 2021 08:13:58 GMT" time="59.390" errors="0">
  <testcase name="loginDDT" time="17.519" classname="com.inetbanking.testCases.TC_loginDDT_002"/>
  <testcase name="loginDDT" time="13.767" classname="com.inetbanking.testCases.TC_loginDDT_002"/>
  <testcase name="loginDDT" time="12.639" classname="com.inetbanking.testCases.TC_loginDDT_002"/>
  <testcase name="loginDDT" time="15.465" classname="com.inetbanking.testCases.TC_loginDDT_002"/>
</testsuite> <!-- com.inetbanking.testCases.TC_loginDDT_002 -->
