<?xml version="1.0" encoding="UTF-8"?>
<!-- Generated by org.testng.reporters.JUnitReportReporter -->
<testsuite skipped="0" hostname="Samsul_Alam" name="com.inetbanking.testCases.TC_LoginTest_001" tests="1" failures="0" timestamp="06 Sep 2021 16:10:15 GMT" time="2.217" errors="0">
  <testcase name="logintest" time="2.217" classname="com.inetbanking.testCases.TC_LoginTest_001"/>
</testsuite> <!-- com.inetbanking.testCases.TC_LoginTest_001 -->
