<?xml version="1.0" encoding="UTF-8"?>
<!-- Generated by org.testng.reporters.JUnitReportReporter -->
<testsuite skipped="0" hostname="Samsul_Alam" name="com.inetbanking.testCases.TC_loginDDT_002" tests="4" failures="0" timestamp="06 Sep 2021 16:10:15 GMT" time="40.015" errors="0">
  <testcase name="loginDDT" time="5.919" classname="com.inetbanking.testCases.TC_loginDDT_002"/>
  <testcase name="loginDDT" time="25.228" classname="com.inetbanking.testCases.TC_loginDDT_002"/>
  <testcase name="loginDDT" time="4.779" classname="com.inetbanking.testCases.TC_loginDDT_002"/>
  <testcase name="loginDDT" time="4.089" classname="com.inetbanking.testCases.TC_loginDDT_002"/>
</testsuite> <!-- com.inetbanking.testCases.TC_loginDDT_002 -->
